PermissionExampleBoom/app/build/intermediates/manifest_merge_blame_file/debug/manifest-merger-blame-debug-report.txt
1<?xml version="1.0" encoding="utf-8"?>
2<manifest xmlns:android="http://schemas.android.com/apk/res/android"
3    package="course.examples.permissionexample.boom"
4    android:versionCode="1"
5    android:versionName="1.0" >
6
7    <uses-sdk
8        android:minSdkVersion="27"
8-->src\main\AndroidManifest.xml
9        android:targetSdkVersion="29" />
9-->src\main\AndroidManifest.xml
10
11    <!-- Defines a custom permission -->
12    <permission
12-->src\main\AndroidManifest.xml:9:5-13:46
13        android:name="course.examples.permissionexample.BOOM_PERM"
13-->src\main\AndroidManifest.xml:10:9-67
14        android:description="@string/boom_perm_string"
14-->src\main\AndroidManifest.xml:11:9-55
15        android:label="@string/boom_permission_label_string"
15-->src\main\AndroidManifest.xml:12:9-61
16        android:protectionLevel="dangerous" />
16-->src\main\AndroidManifest.xml:13:9-44
17
18    <!-- Enforces the BOOM_PERM permission on users of this application -->
19    <application
19-->src\main\AndroidManifest.xml:17:5-41:19
20        android:allowBackup="true"
20-->src\main\AndroidManifest.xml:18:9-35
21        android:debuggable="true"
22        android:extractNativeLibs="false"
23        android:icon="@mipmap/ic_launcher"
23-->src\main\AndroidManifest.xml:19:9-43
24        android:label="@string/app_name"
24-->src\main\AndroidManifest.xml:21:9-41
25        android:permission="course.examples.permissionexample.BOOM_PERM"
25-->src\main\AndroidManifest.xml:22:9-73
26        android:testOnly="true"
27        android:theme="@style/MaterialTheme" >
27-->src\main\AndroidManifest.xml:20:9-45
28        <activity
28-->src\main\AndroidManifest.xml:23:9-40:20
29            android:name="course.examples.permissionexample.boom.BoomActivity"
29-->src\main\AndroidManifest.xml:24:13-41
30            android:label="@string/app_name" >
30-->src\main\AndroidManifest.xml:25:13-45
31
32            <!-- Normally wouldn't put this IntentFilter because Launcher can't run it -->
33            <intent-filter>
33-->src\main\AndroidManifest.xml:27:13-31:29
34                <action android:name="android.intent.action.MAIN" />
34-->src\main\AndroidManifest.xml:28:17-69
34-->src\main\AndroidManifest.xml:28:25-66
35
36                <category android:name="android.intent.category.LAUNCHER" />
36-->src\main\AndroidManifest.xml:30:17-77
36-->src\main\AndroidManifest.xml:30:27-74
37            </intent-filter>
38
39            <!--
40                  Sets up an Intent Filter for the dangerous operation defined by the 
41                   Action String "....boom_action"
42            -->
43            <intent-filter>
43-->src\main\AndroidManifest.xml:35:13-39:29
44                <action android:name="course.examples.permissionexample.boom.boom_action" />
44-->src\main\AndroidManifest.xml:36:17-93
44-->src\main\AndroidManifest.xml:36:25-90
45
46                <category android:name="android.intent.category.DEFAULT" />
46-->src\main\AndroidManifest.xml:38:17-76
46-->src\main\AndroidManifest.xml:38:27-73
47            </intent-filter>
48        </activity>
49    </application>
50
51</manifest>